<?xml version="1.0" encoding="UTF-8"?>
<!-- Generated by org.testng.reporters.JUnitXMLReporter -->
<testsuite hostname="QA-SERGIY-K" ignored="2" name="Check Page Titles suite" tests="9" failures="5" timestamp="04 Jan 2018 11:19:36 GMT" time="19.82" errors="0">
  <testcase name="test0" time="3.223" classname="base.FirstTest"/>
  <testcase name="test0" time="0.014" classname="base.FirstTest"/>
  <testcase name="test0" time="0.013" classname="base.FirstTest"/>
  <testcase name="test1" time="4.489" classname="base.FirstTest">
    <failure type="java.lang.AssertionError" message="Wrong page title expected [Domain Names Search - Domain Name Registration Australia | Crazy Domains AU] but found [Domain Names Search - Domain Name Registration Australia | Crazy Domains AUq]">
      <![CDATA[java.lang.AssertionError: Wrong page title expected [Domain Names Search - Domain Name Registration Australia | Crazy Domains AU] but found [Domain Names Search - Domain Name Registration Australia | Crazy Domains AUq]at base.FirstTest.test1(FirstTest.java:28)... Removed 30 stack frames]]>
    </failure>
  </testcase> <!-- test1 -->
  <testcase name="test1" time="0.033" classname="base.FirstTest">
    <failure type="java.lang.AssertionError" message="Wrong page title expected [Domain Names Search - Domain Name Registration Australia | Crazy Domains AU] but found [Domain Names Search - Domain Name Registration Australia | Crazy Domains AUq]">
      <![CDATA[java.lang.AssertionError: Wrong page title expected [Domain Names Search - Domain Name Registration Australia | Crazy Domains AU] but found [Domain Names Search - Domain Name Registration Australia | Crazy Domains AUq]at base.FirstTest.test1(FirstTest.java:28)... Removed 30 stack frames]]>
    </failure>
  </testcase> <!-- test1 -->
  <testcase name="test1" time="0.026" classname="base.FirstTest">
    <failure type="java.lang.AssertionError" message="Wrong page title expected [Domain Names Search - Domain Name Registration Australia | Crazy Domains AU] but found [Domain Names Search - Domain Name Registration Australia | Crazy Domains AUq]">
      <![CDATA[java.lang.AssertionError: Wrong page title expected [Domain Names Search - Domain Name Registration Australia | Crazy Domains AU] but found [Domain Names Search - Domain Name Registration Australia | Crazy Domains AUq]at base.FirstTest.test1(FirstTest.java:28)... Removed 30 stack frames]]>
    </failure>
  </testcase> <!-- test1 -->
  <testcase name="test2" time="2.266" classname="base.FirstTest"/>
  <testcase name="test3" time="2.145" classname="base.FirstTest">
    <failure type="java.lang.AssertionError" message="Wrong page title expected [Web Hosting Australia Only $2.48 | Crazy Domains AU] but found [WordPress Hosting - Transfer WordPress Site | Crazy Domains AU]">
      <![CDATA[java.lang.AssertionError: Wrong page title expected [Web Hosting Australia Only $2.48 | Crazy Domains AU] but found [WordPress Hosting - Transfer WordPress Site | Crazy Domains AU]at base.FirstTest.test3(FirstTest.java:45)... Removed 30 stack frames]]>
    </failure>
  </testcase> <!-- test3 -->
  <testcase name="test3" time="2.117" classname="base.SecondTest">
    <failure type="java.lang.AssertionError" message="Wrong page title expected [Web Hosting Australia Only $2.48 | Crazy Domains AU] but found [WordPress Hosting - Transfer WordPress Site | Crazy Domains AU]">
      <![CDATA[java.lang.AssertionError: Wrong page title expected [Web Hosting Australia Only $2.48 | Crazy Domains AU] but found [WordPress Hosting - Transfer WordPress Site | Crazy Domains AU]at base.SecondTest.test3(SecondTest.java:14)... Removed 30 stack frames]]>
    </failure>
  </testcase> <!-- test3 -->
  <testcase name="@BeforeSuite tearUp" time="0.0" classname="base.BasicTest">
    <ignored/>
  </testcase> <!-- @BeforeSuite tearUp -->
  <testcase name="@AfterSuite tearDown" time="0.0" classname="base.BasicTest">
    <ignored/>
  </testcase> <!-- @AfterSuite tearDown -->
</testsuite> <!-- Check Page Titles suite -->
